<?xml version="1.0" encoding="UTF-8"?>
<!-- Generated by org.testng.reporters.JUnitXMLReporter -->
<testsuite ignored="0" hostname="jelenas-macbook-pro.home" failures="0" tests="9" name="Default test" time="90.368" errors="0" timestamp="2024-09-15T21:14:40 CEST">
  <testcase classname="practise.tests.SubmitOrderTest" name="submitOrder" time="15.283"/>
  <testcase classname="practise.tests.SubmitOrderTest" name="submitOrder" time="15.257"/>
  <testcase classname="practise.tests.SubmitOrderTest" name="submitOrder" time="17.247"/>
  <testcase classname="practise.tests.SubmitOrderTest" name="validateCorrectNumberOfOrders" time="0.746"/>
  <testcase classname="practise.tests.SubmitOrderTest" name="validateCorrectNumberOfOrders" time="2.623"/>
  <testcase classname="practise.tests.SubmitOrderTest" name="validateCorrectNumberOfOrders" time="0.709"/>
  <testcase classname="practise.tests.SubmitOrderTest" name="orderHistoryTest" time="2.668"/>
  <testcase classname="practise.tests.SubmitOrderTest" name="orderHistoryTest" time="0.717"/>
  <testcase classname="practise.tests.SubmitOrderTest" name="orderHistoryTest" time="0.807"/>
</testsuite> <!-- Default test -->
