<?xml version="1.0" encoding="UTF-8"?>
<!-- Generated by org.testng.reporters.JUnitXMLReporter -->
<testsuite ignored="0" hostname="Jelenas-MacBook-Pro.local" failures="0" tests="6" name="Login Inputs test" time="8.387" errors="0" timestamp="2024-09-15T22:10:59 CEST">
  <testcase classname="practise.tests.LoginInputsValidation" name="invalidEmailEntryTest" time="0.0">
    <skipped/>
  </testcase> <!-- invalidEmailEntryTest -->
  <testcase classname="practise.tests.LoginInputsValidation" name="invalidEntriesTest" time="0.0">
    <skipped/>
  </testcase> <!-- invalidEntriesTest -->
  <testcase classname="practise.tests.LoginInputsValidation" name="invalidEntryWithoutEmailInputTest" time="0.0">
    <skipped/>
  </testcase> <!-- invalidEntryWithoutEmailInputTest -->
  <testcase classname="practise.tests.LoginInputsValidation" name="forgotPasswordButtonTest" time="0.0">
    <skipped/>
  </testcase> <!-- forgotPasswordButtonTest -->
  <testcase classname="practise.tests.LoginInputsValidation" name="invalidEntryWithoutPasswordInputTest" time="0.0">
    <skipped/>
  </testcase> <!-- invalidEntryWithoutPasswordInputTest -->
  <testcase classname="practise.tests.LoginInputsValidation" name="registerButtonTest" time="0.0">
    <skipped/>
  </testcase> <!-- registerButtonTest -->
</testsuite> <!-- Login Inputs test -->
